2019-08-20T05:34:54+00:00 CRITICAL Uncaught Error: Class 'Bznrd_Lead\App\Controllers\Admin\Print_Posts_Shortcode' not found in C:\xampp\htdocs\buzznerdtrucks\wp-content\plugins\bznrd-lead\core\class-router.php:328
Stack trace:
#0 C:\xampp\htdocs\buzznerdtrucks\wp-content\plugins\bznrd-lead\core\class-router.php(278): Bznrd_Lead\Core\Router->dispatch(Array, 'admin')
#1 C:\xampp\htdocs\buzznerdtrucks\wp-content\plugins\bznrd-lead\core\class-router.php(89): Bznrd_Lead\Core\Router->register_routes()
#2 C:\xampp\htdocs\buzznerdtrucks\wp-includes\class-wp-hook.php(286): Bznrd_Lead\Core\Router->register_generic_routes('')
#3 C:\xampp\htdocs\buzznerdtrucks\wp-includes\class-wp-hook.php(310): WP_Hook->apply_filters(NULL, Array)
#4 C:\xampp\htdocs\buzznerdtrucks\wp-includes\plugin.php(465): WP_Hook->do_action(Array)
#5 C:\xampp\htdocs\buzznerdtrucks\wp-settings.php(525): do_action('init')
#6 C:\xampp\htdocs\buzznerdtrucks\wp-config.php(99): require_once('C:\\xampp\\htdocs...')
#7 C:\xampp\htdocs\buzznerdtrucks\wp-load.php(37): require_once('C:\\xampp\\h in C:\xampp\htdocs\buzznerdtrucks\wp-content\plugins\bznrd-lead\core\class-router.php on line 328

2019-08-20T05:35:06+00:00 CRITICAL Uncaught Error: Class 'Bznrd_Lead\App\Controllers\Admin\Print_Posts_Shortcode' not found in C:\xampp\htdocs\buzznerdtrucks\wp-content\plugins\bznrd-lead\core\class-router.php:328
Stack trace:
#0 C:\xampp\htdocs\buzznerdtrucks\wp-content\plugins\bznrd-lead\core\class-router.php(278): Bznrd_Lead\Core\Router->dispatch(Array, 'admin')
#1 C:\xampp\htdocs\buzznerdtrucks\wp-content\plugins\bznrd-lead\core\class-router.php(89): Bznrd_Lead\Core\Router->register_routes()
#2 C:\xampp\htdocs\buzznerdtrucks\wp-includes\class-wp-hook.php(286): Bznrd_Lead\Core\Router->register_generic_routes('')
#3 C:\xampp\htdocs\buzznerdtrucks\wp-includes\class-wp-hook.php(310): WP_Hook->apply_filters(NULL, Array)
#4 C:\xampp\htdocs\buzznerdtrucks\wp-includes\plugin.php(465): WP_Hook->do_action(Array)
#5 C:\xampp\htdocs\buzznerdtrucks\wp-settings.php(525): do_action('init')
#6 C:\xampp\htdocs\buzznerdtrucks\wp-config.php(99): require_once('C:\\xampp\\htdocs...')
#7 C:\xampp\htdocs\buzznerdtrucks\wp-load.php(37): require_once('C:\\xampp\\h in C:\xampp\htdocs\buzznerdtrucks\wp-content\plugins\bznrd-lead\core\class-router.php on line 328

2019-08-20T05:52:02+00:00 CRITICAL Uncaught Error: Call to undefined method Bznrd_Lead\App\Controllers\Admin\Bznrd_Lead_Feuser::bznrd_lead_menu() in C:\xampp\htdocs\buzznerdtrucks\wp-content\plugins\bznrd-lead\core\class-router.php:331
Stack trace:
#0 C:\xampp\htdocs\buzznerdtrucks\wp-content\plugins\bznrd-lead\core\class-router.php(278): Bznrd_Lead\Core\Router->dispatch(Array, 'admin')
#1 C:\xampp\htdocs\buzznerdtrucks\wp-content\plugins\bznrd-lead\core\class-router.php(89): Bznrd_Lead\Core\Router->register_routes()
#2 C:\xampp\htdocs\buzznerdtrucks\wp-includes\class-wp-hook.php(286): Bznrd_Lead\Core\Router->register_generic_routes('')
#3 C:\xampp\htdocs\buzznerdtrucks\wp-includes\class-wp-hook.php(310): WP_Hook->apply_filters(NULL, Array)
#4 C:\xampp\htdocs\buzznerdtrucks\wp-includes\plugin.php(465): WP_Hook->do_action(Array)
#5 C:\xampp\htdocs\buzznerdtrucks\wp-settings.php(525): do_action('init')
#6 C:\xampp\htdocs\buzznerdtrucks\wp-config.php(99): require_once('C:\\xampp\\htdocs...')
#7 C:\xampp\htdocs\buzznerdtrucks\wp-load.php(37): requ in C:\xampp\htdocs\buzznerdtrucks\wp-content\plugins\bznrd-lead\core\class-router.php on line 331

2019-08-20T05:52:03+00:00 CRITICAL Uncaught Error: Call to undefined method Bznrd_Lead\App\Controllers\Admin\Bznrd_Lead_Feuser::bznrd_lead_menu() in C:\xampp\htdocs\buzznerdtrucks\wp-content\plugins\bznrd-lead\core\class-router.php:331
Stack trace:
#0 C:\xampp\htdocs\buzznerdtrucks\wp-content\plugins\bznrd-lead\core\class-router.php(278): Bznrd_Lead\Core\Router->dispatch(Array, 'admin')
#1 C:\xampp\htdocs\buzznerdtrucks\wp-content\plugins\bznrd-lead\core\class-router.php(89): Bznrd_Lead\Core\Router->register_routes()
#2 C:\xampp\htdocs\buzznerdtrucks\wp-includes\class-wp-hook.php(286): Bznrd_Lead\Core\Router->register_generic_routes('')
#3 C:\xampp\htdocs\buzznerdtrucks\wp-includes\class-wp-hook.php(310): WP_Hook->apply_filters(NULL, Array)
#4 C:\xampp\htdocs\buzznerdtrucks\wp-includes\plugin.php(465): WP_Hook->do_action(Array)
#5 C:\xampp\htdocs\buzznerdtrucks\wp-settings.php(525): do_action('init')
#6 C:\xampp\htdocs\buzznerdtrucks\wp-config.php(99): require_once('C:\\xampp\\htdocs...')
#7 C:\xampp\htdocs\buzznerdtrucks\wp-load.php(37): requ in C:\xampp\htdocs\buzznerdtrucks\wp-content\plugins\bznrd-lead\core\class-router.php on line 331

2019-08-20T06:06:01+00:00 CRITICAL syntax error, unexpected '->' (T_OBJECT_OPERATOR), expecting end of file in C:\xampp\htdocs\buzznerdtrucks\wp-content\plugins\bznrd-lead\routes.php on line 138

2019-08-20T06:06:01+00:00 CRITICAL syntax error, unexpected '->' (T_OBJECT_OPERATOR), expecting end of file in C:\xampp\htdocs\buzznerdtrucks\wp-content\plugins\bznrd-lead\routes.php on line 138

2019-08-20T06:06:44+00:00 CRITICAL Class Bznrd_Lead\App\Controllers\Admin\Bznrd_Lead_Feuser contains 1 abstract method and must therefore be declared abstract or implement the remaining methods (Bznrd_Lead\App\Controllers\Admin\Base_Controller::register_hook_callbacks) in C:\xampp\htdocs\buzznerdtrucks\wp-content\plugins\bznrd-lead\app\controllers\admin\class-bznrd-lead-feuser.php on line 14

2019-08-20T06:11:54+00:00 CRITICAL syntax error, unexpected '->' (T_OBJECT_OPERATOR), expecting end of file in C:\xampp\htdocs\buzznerdtrucks\wp-content\plugins\bznrd-lead\routes.php on line 138

2019-08-20T06:11:54+00:00 CRITICAL syntax error, unexpected '->' (T_OBJECT_OPERATOR), expecting end of file in C:\xampp\htdocs\buzznerdtrucks\wp-content\plugins\bznrd-lead\routes.php on line 138

2019-08-20T06:39:20+00:00 CRITICAL Uncaught Error: Call to undefined method Bznrd_Lead\App\Models\Admin\Bznrd_Lead_Feuser::get_view() in C:\xampp\htdocs\buzznerdtrucks\wp-content\plugins\bznrd-lead\app\models\admin\class-bznrd-lead-feuser.php:26
Stack trace:
#0 C:\xampp\htdocs\buzznerdtrucks\wp-content\plugins\bznrd-lead\app\controllers\admin\class-bznrd-lead-feuser.php(68): Bznrd_Lead\App\Models\Admin\Bznrd_Lead_Feuser->get_savedtrucks_feusers()
#1 C:\xampp\htdocs\buzznerdtrucks\wp-includes\class-wp-hook.php(286): Bznrd_Lead\App\Controllers\Admin\Bznrd_Lead_Feuser->bznrd_lead_func('')
#2 C:\xampp\htdocs\buzznerdtrucks\wp-includes\class-wp-hook.php(310): WP_Hook->apply_filters('', Array)
#3 C:\xampp\htdocs\buzznerdtrucks\wp-includes\plugin.php(465): WP_Hook->do_action(Array)
#4 C:\xampp\htdocs\buzznerdtrucks\wp-admin\admin.php(253): do_action('toplevel_page_b...')
#5 {main}
  thrown in C:\xampp\htdocs\buzznerdtrucks\wp-content\plugins\bznrd-lead\app\models\admin\class-bznrd-lead-feuser.php on line 26

2019-08-20T06:41:02+00:00 CRITICAL Uncaught Error: Call to undefined method Bznrd_Lead\App\Models\Admin\Bznrd_Lead_Feuser::get_view() in C:\xampp\htdocs\buzznerdtrucks\wp-content\plugins\bznrd-lead\app\models\admin\class-bznrd-lead-feuser.php:25
Stack trace:
#0 C:\xampp\htdocs\buzznerdtrucks\wp-content\plugins\bznrd-lead\app\controllers\admin\class-bznrd-lead-feuser.php(68): Bznrd_Lead\App\Models\Admin\Bznrd_Lead_Feuser->get_savedtrucks_feusers()
#1 C:\xampp\htdocs\buzznerdtrucks\wp-includes\class-wp-hook.php(286): Bznrd_Lead\App\Controllers\Admin\Bznrd_Lead_Feuser->bznrd_lead_func('')
#2 C:\xampp\htdocs\buzznerdtrucks\wp-includes\class-wp-hook.php(310): WP_Hook->apply_filters('', Array)
#3 C:\xampp\htdocs\buzznerdtrucks\wp-includes\plugin.php(465): WP_Hook->do_action(Array)
#4 C:\xampp\htdocs\buzznerdtrucks\wp-admin\admin.php(253): do_action('toplevel_page_b...')
#5 {main}
  thrown in C:\xampp\htdocs\buzznerdtrucks\wp-content\plugins\bznrd-lead\app\models\admin\class-bznrd-lead-feuser.php on line 25

2019-08-20T06:44:39+00:00 CRITICAL Uncaught Error: Call to undefined method Bznrd_Lead\App\Models\Admin\Bznrd_Lead_Feuser::get_view() in C:\xampp\htdocs\buzznerdtrucks\wp-content\plugins\bznrd-lead\app\models\admin\class-bznrd-lead-feuser.php:25
Stack trace:
#0 C:\xampp\htdocs\buzznerdtrucks\wp-content\plugins\bznrd-lead\app\controllers\admin\class-bznrd-lead-feuser.php(68): Bznrd_Lead\App\Models\Admin\Bznrd_Lead_Feuser->get_savedtrucks_feusers()
#1 C:\xampp\htdocs\buzznerdtrucks\wp-includes\class-wp-hook.php(286): Bznrd_Lead\App\Controllers\Admin\Bznrd_Lead_Feuser->bznrd_lead_func('')
#2 C:\xampp\htdocs\buzznerdtrucks\wp-includes\class-wp-hook.php(310): WP_Hook->apply_filters('', Array)
#3 C:\xampp\htdocs\buzznerdtrucks\wp-includes\plugin.php(465): WP_Hook->do_action(Array)
#4 C:\xampp\htdocs\buzznerdtrucks\wp-admin\admin.php(253): do_action('toplevel_page_b...')
#5 {main}
  thrown in C:\xampp\htdocs\buzznerdtrucks\wp-content\plugins\bznrd-lead\app\models\admin\class-bznrd-lead-feuser.php on line 25

2019-08-20T06:48:38+00:00 CRITICAL Uncaught Error: Call to undefined method Bznrd_Lead\App\Models\Admin\Bznrd_Lead_Feuser::render_template() in C:\xampp\htdocs\buzznerdtrucks\wp-content\plugins\bznrd-lead\app\models\admin\class-bznrd-lead-feuser.php:25
Stack trace:
#0 C:\xampp\htdocs\buzznerdtrucks\wp-content\plugins\bznrd-lead\app\controllers\admin\class-bznrd-lead-feuser.php(68): Bznrd_Lead\App\Models\Admin\Bznrd_Lead_Feuser->get_savedtrucks_feusers()
#1 C:\xampp\htdocs\buzznerdtrucks\wp-includes\class-wp-hook.php(286): Bznrd_Lead\App\Controllers\Admin\Bznrd_Lead_Feuser->bznrd_lead_func('')
#2 C:\xampp\htdocs\buzznerdtrucks\wp-includes\class-wp-hook.php(310): WP_Hook->apply_filters('', Array)
#3 C:\xampp\htdocs\buzznerdtrucks\wp-includes\plugin.php(465): WP_Hook->do_action(Array)
#4 C:\xampp\htdocs\buzznerdtrucks\wp-admin\admin.php(253): do_action('toplevel_page_b...')
#5 {main}
  thrown in C:\xampp\htdocs\buzznerdtrucks\wp-content\plugins\bznrd-lead\app\models\admin\class-bznrd-lead-feuser.php on line 25

2019-08-20T06:55:24+00:00 CRITICAL syntax error, unexpected '=>' (T_DOUBLE_ARROW), expecting ',' or ';' in C:\xampp\htdocs\buzznerdtrucks\wp-content\plugins\bznrd-lead\app\controllers\admin\class-bznrd-lead-feuser.php on line 69

2019-08-20T06:56:23+00:00 CRITICAL syntax error, unexpected '=>' (T_DOUBLE_ARROW), expecting ',' or ';' in C:\xampp\htdocs\buzznerdtrucks\wp-content\plugins\bznrd-lead\app\controllers\admin\class-bznrd-lead-feuser.php on line 69

2019-08-20T06:56:23+00:00 CRITICAL syntax error, unexpected '=>' (T_DOUBLE_ARROW), expecting ',' or ';' in C:\xampp\htdocs\buzznerdtrucks\wp-content\plugins\bznrd-lead\app\controllers\admin\class-bznrd-lead-feuser.php on line 69

2019-08-20T06:57:24+00:00 CRITICAL syntax error, unexpected '}', expecting ',' or ')' in C:\xampp\htdocs\buzznerdtrucks\wp-content\plugins\bznrd-lead\app\controllers\admin\class-bznrd-lead-feuser.php on line 74

2019-08-20T06:57:24+00:00 CRITICAL syntax error, unexpected '}', expecting ',' or ')' in C:\xampp\htdocs\buzznerdtrucks\wp-content\plugins\bznrd-lead\app\controllers\admin\class-bznrd-lead-feuser.php on line 74

2019-08-20T07:35:26+00:00 CRITICAL Uncaught Error: Call to a member function prepare_items() on null in C:\xampp\htdocs\buzznerdtrucks\wp-content\plugins\bznrd\view\admin\frontenduser\_op_add_menu_page_list.php:10
Stack trace:
#0 C:\xampp\htdocs\buzznerdtrucks\wp-content\plugins\bznrd\controller\class-base.php(165): require()
#1 C:\xampp\htdocs\buzznerdtrucks\wp-content\plugins\bznrd\controller\admin\class-frontenduser.php(145): bznrd\controller\Base->render('_op_add_menu_pa...', Array)
#2 C:\xampp\htdocs\buzznerdtrucks\wp-includes\class-wp-hook.php(286): bznrd\controller\admin\Frontenduser->_op_add_menu_page_list('')
#3 C:\xampp\htdocs\buzznerdtrucks\wp-includes\class-wp-hook.php(310): WP_Hook->apply_filters('', Array)
#4 C:\xampp\htdocs\buzznerdtrucks\wp-includes\plugin.php(465): WP_Hook->do_action(Array)
#5 C:\xampp\htdocs\buzznerdtrucks\wp-admin\admin.php(253): do_action('toplevel_page_f...')
#6 {main}
  thrown in C:\xampp\htdocs\buzznerdtrucks\wp-content\plugins\bznrd\view\admin\frontenduser\_op_add_menu_page_list.php on line 10

2019-08-20T07:36:04+00:00 CRITICAL Uncaught Error: Class 'Bznrd_Lead\component\Frontenduser_List' not found in C:\xampp\htdocs\buzznerdtrucks\wp-content\plugins\bznrd-lead\app\controllers\admin\class-bznrd-lead-feuser.php:49
Stack trace:
#0 C:\xampp\htdocs\buzznerdtrucks\wp-includes\class-wp-hook.php(286): Bznrd_Lead\App\Controllers\Admin\Bznrd_Lead_Feuser->Bznrd_Lead\App\Controllers\Admin\{closure}('')
#1 C:\xampp\htdocs\buzznerdtrucks\wp-includes\class-wp-hook.php(310): WP_Hook->apply_filters('', Array)
#2 C:\xampp\htdocs\buzznerdtrucks\wp-includes\plugin.php(465): WP_Hook->do_action(Array)
#3 C:\xampp\htdocs\buzznerdtrucks\wp-admin\admin.php(231): do_action('load-toplevel_p...')
#4 {main}
  thrown in C:\xampp\htdocs\buzznerdtrucks\wp-content\plugins\bznrd-lead\app\controllers\admin\class-bznrd-lead-feuser.php on line 49

2019-08-20T07:37:17+00:00 CRITICAL Uncaught Error: Class 'Bznrd_Lead\component\Frontenduser_List' not found in C:\xampp\htdocs\buzznerdtrucks\wp-content\plugins\bznrd-lead\app\controllers\admin\class-bznrd-lead-feuser.php:49
Stack trace:
#0 C:\xampp\htdocs\buzznerdtrucks\wp-includes\class-wp-hook.php(286): Bznrd_Lead\App\Controllers\Admin\Bznrd_Lead_Feuser->Bznrd_Lead\App\Controllers\Admin\{closure}('')
#1 C:\xampp\htdocs\buzznerdtrucks\wp-includes\class-wp-hook.php(310): WP_Hook->apply_filters('', Array)
#2 C:\xampp\htdocs\buzznerdtrucks\wp-includes\plugin.php(465): WP_Hook->do_action(Array)
#3 C:\xampp\htdocs\buzznerdtrucks\wp-admin\admin.php(231): do_action('load-toplevel_p...')
#4 {main}
  thrown in C:\xampp\htdocs\buzznerdtrucks\wp-content\plugins\bznrd-lead\app\controllers\admin\class-bznrd-lead-feuser.php on line 49

2019-08-20T07:38:42+00:00 CRITICAL Uncaught Error: Class 'Bznrd_Lead\component\Frontenduser_List' not found in C:\xampp\htdocs\buzznerdtrucks\wp-content\plugins\bznrd-lead\app\controllers\admin\class-bznrd-lead-feuser.php:50
Stack trace:
#0 C:\xampp\htdocs\buzznerdtrucks\wp-includes\class-wp-hook.php(286): Bznrd_Lead\App\Controllers\Admin\Bznrd_Lead_Feuser->Bznrd_Lead\App\Controllers\Admin\{closure}('')
#1 C:\xampp\htdocs\buzznerdtrucks\wp-includes\class-wp-hook.php(310): WP_Hook->apply_filters('', Array)
#2 C:\xampp\htdocs\buzznerdtrucks\wp-includes\plugin.php(465): WP_Hook->do_action(Array)
#3 C:\xampp\htdocs\buzznerdtrucks\wp-admin\admin.php(231): do_action('load-toplevel_p...')
#4 {main}
  thrown in C:\xampp\htdocs\buzznerdtrucks\wp-content\plugins\bznrd-lead\app\controllers\admin\class-bznrd-lead-feuser.php on line 50

2019-08-20T07:38:48+00:00 CRITICAL Uncaught Error: Class 'Bznrd_Lead\component\Frontenduser_List' not found in C:\xampp\htdocs\buzznerdtrucks\wp-content\plugins\bznrd-lead\app\controllers\admin\class-bznrd-lead-feuser.php:50
Stack trace:
#0 C:\xampp\htdocs\buzznerdtrucks\wp-includes\class-wp-hook.php(286): Bznrd_Lead\App\Controllers\Admin\Bznrd_Lead_Feuser->Bznrd_Lead\App\Controllers\Admin\{closure}('')
#1 C:\xampp\htdocs\buzznerdtrucks\wp-includes\class-wp-hook.php(310): WP_Hook->apply_filters('', Array)
#2 C:\xampp\htdocs\buzznerdtrucks\wp-includes\plugin.php(465): WP_Hook->do_action(Array)
#3 C:\xampp\htdocs\buzznerdtrucks\wp-admin\admin.php(231): do_action('load-toplevel_p...')
#4 {main}
  thrown in C:\xampp\htdocs\buzznerdtrucks\wp-content\plugins\bznrd-lead\app\controllers\admin\class-bznrd-lead-feuser.php on line 50

2019-08-20T07:43:04+00:00 CRITICAL Uncaught Error: Call to undefined method Bznrd_Lead\App\Controllers\Admin\Bznrd_Lead_Feuser::render() in C:\xampp\htdocs\buzznerdtrucks\wp-content\plugins\bznrd-lead\app\controllers\admin\class-bznrd-lead-feuser.php:67
Stack trace:
#0 C:\xampp\htdocs\buzznerdtrucks\wp-includes\class-wp-hook.php(286): Bznrd_Lead\App\Controllers\Admin\Bznrd_Lead_Feuser->bznrd_lead_func('')
#1 C:\xampp\htdocs\buzznerdtrucks\wp-includes\class-wp-hook.php(310): WP_Hook->apply_filters('', Array)
#2 C:\xampp\htdocs\buzznerdtrucks\wp-includes\plugin.php(465): WP_Hook->do_action(Array)
#3 C:\xampp\htdocs\buzznerdtrucks\wp-admin\admin.php(253): do_action('toplevel_page_b...')
#4 {main}
  thrown in C:\xampp\htdocs\buzznerdtrucks\wp-content\plugins\bznrd-lead\app\controllers\admin\class-bznrd-lead-feuser.php on line 67

2019-08-20T07:44:05+00:00 CRITICAL Uncaught Error: Call to undefined method Bznrd_Lead\App\Controllers\Admin\Bznrd_Lead_Feuser::render() in C:\xampp\htdocs\buzznerdtrucks\wp-content\plugins\bznrd-lead\app\controllers\admin\class-bznrd-lead-feuser.php:67
Stack trace:
#0 C:\xampp\htdocs\buzznerdtrucks\wp-includes\class-wp-hook.php(286): Bznrd_Lead\App\Controllers\Admin\Bznrd_Lead_Feuser->bznrd_lead_func('')
#1 C:\xampp\htdocs\buzznerdtrucks\wp-includes\class-wp-hook.php(310): WP_Hook->apply_filters('', Array)
#2 C:\xampp\htdocs\buzznerdtrucks\wp-includes\plugin.php(465): WP_Hook->do_action(Array)
#3 C:\xampp\htdocs\buzznerdtrucks\wp-admin\admin.php(253): do_action('toplevel_page_b...')
#4 {main}
  thrown in C:\xampp\htdocs\buzznerdtrucks\wp-content\plugins\bznrd-lead\app\controllers\admin\class-bznrd-lead-feuser.php on line 67

2019-08-20T07:50:01+00:00 CRITICAL Uncaught Error: Call to undefined method Bznrd_Lead\App\Controllers\Admin\Bznrd_Lead_Feuser::render() in C:\xampp\htdocs\buzznerdtrucks\wp-content\plugins\bznrd-lead\app\controllers\admin\class-bznrd-lead-feuser.php:67
Stack trace:
#0 C:\xampp\htdocs\buzznerdtrucks\wp-includes\class-wp-hook.php(286): Bznrd_Lead\App\Controllers\Admin\Bznrd_Lead_Feuser->bznrd_lead_func('')
#1 C:\xampp\htdocs\buzznerdtrucks\wp-includes\class-wp-hook.php(310): WP_Hook->apply_filters('', Array)
#2 C:\xampp\htdocs\buzznerdtrucks\wp-includes\plugin.php(465): WP_Hook->do_action(Array)
#3 C:\xampp\htdocs\buzznerdtrucks\wp-admin\admin.php(253): do_action('toplevel_page_b...')
#4 {main}
  thrown in C:\xampp\htdocs\buzznerdtrucks\wp-content\plugins\bznrd-lead\app\controllers\admin\class-bznrd-lead-feuser.php on line 67

2019-08-20T07:51:47+00:00 CRITICAL Uncaught Error: Call to undefined method Bznrd_Lead\App\Controllers\Admin\Bznrd_Lead_Feuser::render() in C:\xampp\htdocs\buzznerdtrucks\wp-content\plugins\bznrd-lead\app\controllers\admin\class-bznrd-lead-feuser.php:71
Stack trace:
#0 C:\xampp\htdocs\buzznerdtrucks\wp-includes\class-wp-hook.php(286): Bznrd_Lead\App\Controllers\Admin\Bznrd_Lead_Feuser->bznrd_lead_func('')
#1 C:\xampp\htdocs\buzznerdtrucks\wp-includes\class-wp-hook.php(310): WP_Hook->apply_filters('', Array)
#2 C:\xampp\htdocs\buzznerdtrucks\wp-includes\plugin.php(465): WP_Hook->do_action(Array)
#3 C:\xampp\htdocs\buzznerdtrucks\wp-admin\admin.php(253): do_action('toplevel_page_b...')
#4 {main}
  thrown in C:\xampp\htdocs\buzznerdtrucks\wp-content\plugins\bznrd-lead\app\controllers\admin\class-bznrd-lead-feuser.php on line 71

2019-08-20T07:52:06+00:00 CRITICAL Uncaught Error: Call to undefined method Bznrd_Lead\App\Controllers\Admin\Bznrd_Lead_Feuser::render() in C:\xampp\htdocs\buzznerdtrucks\wp-content\plugins\bznrd-lead\app\controllers\admin\class-bznrd-lead-feuser.php:71
Stack trace:
#0 C:\xampp\htdocs\buzznerdtrucks\wp-includes\class-wp-hook.php(286): Bznrd_Lead\App\Controllers\Admin\Bznrd_Lead_Feuser->bznrd_lead_func('')
#1 C:\xampp\htdocs\buzznerdtrucks\wp-includes\class-wp-hook.php(310): WP_Hook->apply_filters('', Array)
#2 C:\xampp\htdocs\buzznerdtrucks\wp-includes\plugin.php(465): WP_Hook->do_action(Array)
#3 C:\xampp\htdocs\buzznerdtrucks\wp-admin\admin.php(253): do_action('toplevel_page_b...')
#4 {main}
  thrown in C:\xampp\htdocs\buzznerdtrucks\wp-content\plugins\bznrd-lead\app\controllers\admin\class-bznrd-lead-feuser.php on line 71

2019-08-20T07:54:31+00:00 CRITICAL Uncaught Error: Call to undefined method Bznrd_Lead\App\Controllers\Admin\Bznrd_Lead_Feuser::render_template() in C:\xampp\htdocs\buzznerdtrucks\wp-content\plugins\bznrd-lead\app\controllers\admin\class-bznrd-lead-feuser.php:71
Stack trace:
#0 C:\xampp\htdocs\buzznerdtrucks\wp-includes\class-wp-hook.php(286): Bznrd_Lead\App\Controllers\Admin\Bznrd_Lead_Feuser->bznrd_lead_func('')
#1 C:\xampp\htdocs\buzznerdtrucks\wp-includes\class-wp-hook.php(310): WP_Hook->apply_filters('', Array)
#2 C:\xampp\htdocs\buzznerdtrucks\wp-includes\plugin.php(465): WP_Hook->do_action(Array)
#3 C:\xampp\htdocs\buzznerdtrucks\wp-admin\admin.php(253): do_action('toplevel_page_b...')
#4 {main}
  thrown in C:\xampp\htdocs\buzznerdtrucks\wp-content\plugins\bznrd-lead\app\controllers\admin\class-bznrd-lead-feuser.php on line 71

2019-08-20T07:56:18+00:00 CRITICAL Uncaught Error: Call to undefined method Bznrd_Lead\App\Controllers\Admin\Bznrd_Lead_Feuser::render() in C:\xampp\htdocs\buzznerdtrucks\wp-content\plugins\bznrd-lead\app\controllers\admin\class-bznrd-lead-feuser.php:71
Stack trace:
#0 C:\xampp\htdocs\buzznerdtrucks\wp-includes\class-wp-hook.php(286): Bznrd_Lead\App\Controllers\Admin\Bznrd_Lead_Feuser->bznrd_lead_func('')
#1 C:\xampp\htdocs\buzznerdtrucks\wp-includes\class-wp-hook.php(310): WP_Hook->apply_filters('', Array)
#2 C:\xampp\htdocs\buzznerdtrucks\wp-includes\plugin.php(465): WP_Hook->do_action(Array)
#3 C:\xampp\htdocs\buzznerdtrucks\wp-admin\admin.php(253): do_action('toplevel_page_b...')
#4 {main}
  thrown in C:\xampp\htdocs\buzznerdtrucks\wp-content\plugins\bznrd-lead\app\controllers\admin\class-bznrd-lead-feuser.php on line 71

2019-08-20T07:56:38+00:00 CRITICAL Uncaught Error: Call to undefined method Bznrd_Lead\App\Controllers\Admin\Bznrd_Lead_Feuser::render() in C:\xampp\htdocs\buzznerdtrucks\wp-content\plugins\bznrd-lead\app\controllers\admin\class-bznrd-lead-feuser.php:71
Stack trace:
#0 C:\xampp\htdocs\buzznerdtrucks\wp-includes\class-wp-hook.php(286): Bznrd_Lead\App\Controllers\Admin\Bznrd_Lead_Feuser->bznrd_lead_func('')
#1 C:\xampp\htdocs\buzznerdtrucks\wp-includes\class-wp-hook.php(310): WP_Hook->apply_filters('', Array)
#2 C:\xampp\htdocs\buzznerdtrucks\wp-includes\plugin.php(465): WP_Hook->do_action(Array)
#3 C:\xampp\htdocs\buzznerdtrucks\wp-admin\admin.php(253): do_action('toplevel_page_b...')
#4 {main}
  thrown in C:\xampp\htdocs\buzznerdtrucks\wp-content\plugins\bznrd-lead\app\controllers\admin\class-bznrd-lead-feuser.php on line 71

2019-08-20T07:58:49+00:00 CRITICAL Uncaught Error: Call to undefined method Bznrd_Lead\App\Controllers\Admin\Bznrd_Lead_Feuser::render() in C:\xampp\htdocs\buzznerdtrucks\wp-content\plugins\bznrd-lead\app\controllers\admin\class-bznrd-lead-feuser.php:71
Stack trace:
#0 C:\xampp\htdocs\buzznerdtrucks\wp-includes\class-wp-hook.php(286): Bznrd_Lead\App\Controllers\Admin\Bznrd_Lead_Feuser->bznrd_lead_func('')
#1 C:\xampp\htdocs\buzznerdtrucks\wp-includes\class-wp-hook.php(310): WP_Hook->apply_filters('', Array)
#2 C:\xampp\htdocs\buzznerdtrucks\wp-includes\plugin.php(465): WP_Hook->do_action(Array)
#3 C:\xampp\htdocs\buzznerdtrucks\wp-admin\admin.php(253): do_action('toplevel_page_b...')
#4 {main}
  thrown in C:\xampp\htdocs\buzznerdtrucks\wp-content\plugins\bznrd-lead\app\controllers\admin\class-bznrd-lead-feuser.php on line 71

2019-08-20T08:00:27+00:00 CRITICAL Uncaught Error: Call to undefined method Bznrd_Lead\App\Controllers\Admin\Bznrd_Lead_Feuser::render() in C:\xampp\htdocs\buzznerdtrucks\wp-content\plugins\bznrd-lead\app\controllers\admin\class-bznrd-lead-feuser.php:71
Stack trace:
#0 C:\xampp\htdocs\buzznerdtrucks\wp-includes\class-wp-hook.php(286): Bznrd_Lead\App\Controllers\Admin\Bznrd_Lead_Feuser->bznrd_lead_func('')
#1 C:\xampp\htdocs\buzznerdtrucks\wp-includes\class-wp-hook.php(310): WP_Hook->apply_filters('', Array)
#2 C:\xampp\htdocs\buzznerdtrucks\wp-includes\plugin.php(465): WP_Hook->do_action(Array)
#3 C:\xampp\htdocs\buzznerdtrucks\wp-admin\admin.php(253): do_action('toplevel_page_b...')
#4 {main}
  thrown in C:\xampp\htdocs\buzznerdtrucks\wp-content\plugins\bznrd-lead\app\controllers\admin\class-bznrd-lead-feuser.php on line 71

2019-08-20T08:01:02+00:00 CRITICAL Uncaught Error: Call to undefined method Bznrd_Lead\App\Controllers\Admin\Bznrd_Lead_Feuser::render() in C:\xampp\htdocs\buzznerdtrucks\wp-content\plugins\bznrd-lead\app\controllers\admin\class-bznrd-lead-feuser.php:71
Stack trace:
#0 C:\xampp\htdocs\buzznerdtrucks\wp-includes\class-wp-hook.php(286): Bznrd_Lead\App\Controllers\Admin\Bznrd_Lead_Feuser->bznrd_lead_func('')
#1 C:\xampp\htdocs\buzznerdtrucks\wp-includes\class-wp-hook.php(310): WP_Hook->apply_filters('', Array)
#2 C:\xampp\htdocs\buzznerdtrucks\wp-includes\plugin.php(465): WP_Hook->do_action(Array)
#3 C:\xampp\htdocs\buzznerdtrucks\wp-admin\admin.php(253): do_action('toplevel_page_b...')
#4 {main}
  thrown in C:\xampp\htdocs\buzznerdtrucks\wp-content\plugins\bznrd-lead\app\controllers\admin\class-bznrd-lead-feuser.php on line 71

2019-08-20T08:07:10+00:00 CRITICAL syntax error, unexpected ')', expecting ']' in C:\xampp\htdocs\buzznerdtrucks\wp-content\plugins\bznrd-lead\app\controllers\admin\class-bznrd-lead-feuser.php on line 76

2019-08-20T08:07:32+00:00 CRITICAL syntax error, unexpected ')', expecting ']' in C:\xampp\htdocs\buzznerdtrucks\wp-content\plugins\bznrd-lead\app\controllers\admin\class-bznrd-lead-feuser.php on line 76

2019-08-20T08:07:41+00:00 CRITICAL syntax error, unexpected ')', expecting ']' in C:\xampp\htdocs\buzznerdtrucks\wp-content\plugins\bznrd-lead\app\controllers\admin\class-bznrd-lead-feuser.php on line 76

2019-08-20T08:07:46+00:00 CRITICAL syntax error, unexpected ')', expecting ']' in C:\xampp\htdocs\buzznerdtrucks\wp-content\plugins\bznrd-lead\app\controllers\admin\class-bznrd-lead-feuser.php on line 76

2019-08-20T08:07:47+00:00 CRITICAL syntax error, unexpected ')', expecting ']' in C:\xampp\htdocs\buzznerdtrucks\wp-content\plugins\bznrd-lead\app\controllers\admin\class-bznrd-lead-feuser.php on line 76

2019-08-20T08:08:02+00:00 CRITICAL syntax error, unexpected ')', expecting ']' in C:\xampp\htdocs\buzznerdtrucks\wp-content\plugins\bznrd-lead\app\controllers\admin\class-bznrd-lead-feuser.php on line 76

2019-08-20T08:08:09+00:00 CRITICAL syntax error, unexpected ')', expecting ']' in C:\xampp\htdocs\buzznerdtrucks\wp-content\plugins\bznrd-lead\app\controllers\admin\class-bznrd-lead-feuser.php on line 76

2019-08-20T08:08:11+00:00 CRITICAL syntax error, unexpected ')', expecting ']' in C:\xampp\htdocs\buzznerdtrucks\wp-content\plugins\bznrd-lead\app\controllers\admin\class-bznrd-lead-feuser.php on line 76

2019-08-20T08:08:13+00:00 CRITICAL syntax error, unexpected ')', expecting ']' in C:\xampp\htdocs\buzznerdtrucks\wp-content\plugins\bznrd-lead\app\controllers\admin\class-bznrd-lead-feuser.php on line 76

2019-08-20T08:08:16+00:00 CRITICAL syntax error, unexpected ')', expecting ']' in C:\xampp\htdocs\buzznerdtrucks\wp-content\plugins\bznrd-lead\app\controllers\admin\class-bznrd-lead-feuser.php on line 76

2019-08-20T08:09:45+00:00 CRITICAL Uncaught Error: Call to undefined method Bznrd_Lead\App\Controllers\Admin\Bznrd_Lead_Feuser::render_template() in C:\xampp\htdocs\buzznerdtrucks\wp-content\plugins\bznrd-lead\app\controllers\admin\class-bznrd-lead-feuser.php:73
Stack trace:
#0 C:\xampp\htdocs\buzznerdtrucks\wp-includes\class-wp-hook.php(286): Bznrd_Lead\App\Controllers\Admin\Bznrd_Lead_Feuser->bznrd_lead_func('')
#1 C:\xampp\htdocs\buzznerdtrucks\wp-includes\class-wp-hook.php(310): WP_Hook->apply_filters('', Array)
#2 C:\xampp\htdocs\buzznerdtrucks\wp-includes\plugin.php(465): WP_Hook->do_action(Array)
#3 C:\xampp\htdocs\buzznerdtrucks\wp-admin\admin.php(253): do_action('toplevel_page_b...')
#4 {main}
  thrown in C:\xampp\htdocs\buzznerdtrucks\wp-content\plugins\bznrd-lead\app\controllers\admin\class-bznrd-lead-feuser.php on line 73

2019-08-20T08:12:08+00:00 CRITICAL Uncaught Error: Call to a member function prepare_items() on null in C:\xampp\htdocs\buzznerdtrucks\wp-content\plugins\bznrd-lead\app\views\admin\class-bznrd-lead-feuser.php:35
Stack trace:
#0 C:\xampp\htdocs\buzznerdtrucks\wp-content\plugins\bznrd-lead\app\controllers\admin\class-bznrd-lead-feuser.php(75): Bznrd_Lead\App\Views\Admin\Bznrd_Lead_Feuser->get_savedtrucks_feusers_html(Array)
#1 C:\xampp\htdocs\buzznerdtrucks\wp-includes\class-wp-hook.php(286): Bznrd_Lead\App\Controllers\Admin\Bznrd_Lead_Feuser->bznrd_lead_func('')
#2 C:\xampp\htdocs\buzznerdtrucks\wp-includes\class-wp-hook.php(310): WP_Hook->apply_filters('', Array)
#3 C:\xampp\htdocs\buzznerdtrucks\wp-includes\plugin.php(465): WP_Hook->do_action(Array)
#4 C:\xampp\htdocs\buzznerdtrucks\wp-admin\admin.php(253): do_action('toplevel_page_b...')
#5 {main}
  thrown in C:\xampp\htdocs\buzznerdtrucks\wp-content\plugins\bznrd-lead\app\views\admin\class-bznrd-lead-feuser.php on line 35

2019-08-20T08:16:49+00:00 CRITICAL Uncaught Error: Call to a member function prepare_items() on null in C:\xampp\htdocs\buzznerdtrucks\wp-content\plugins\bznrd-lead\app\views\admin\class-bznrd-lead-feuser.php:35
Stack trace:
#0 C:\xampp\htdocs\buzznerdtrucks\wp-content\plugins\bznrd-lead\app\controllers\admin\class-bznrd-lead-feuser.php(75): Bznrd_Lead\App\Views\Admin\Bznrd_Lead_Feuser->get_savedtrucks_feusers_html(Array)
#1 C:\xampp\htdocs\buzznerdtrucks\wp-includes\class-wp-hook.php(286): Bznrd_Lead\App\Controllers\Admin\Bznrd_Lead_Feuser->bznrd_lead_func('')
#2 C:\xampp\htdocs\buzznerdtrucks\wp-includes\class-wp-hook.php(310): WP_Hook->apply_filters('', Array)
#3 C:\xampp\htdocs\buzznerdtrucks\wp-includes\plugin.php(465): WP_Hook->do_action(Array)
#4 C:\xampp\htdocs\buzznerdtrucks\wp-admin\admin.php(253): do_action('toplevel_page_b...')
#5 {main}
  thrown in C:\xampp\htdocs\buzznerdtrucks\wp-content\plugins\bznrd-lead\app\views\admin\class-bznrd-lead-feuser.php on line 35

2019-08-20T08:17:08+00:00 CRITICAL Uncaught Error: Call to a member function prepare_items() on null in C:\xampp\htdocs\buzznerdtrucks\wp-content\plugins\bznrd-lead\app\views\admin\class-bznrd-lead-feuser.php:35
Stack trace:
#0 C:\xampp\htdocs\buzznerdtrucks\wp-content\plugins\bznrd-lead\app\controllers\admin\class-bznrd-lead-feuser.php(75): Bznrd_Lead\App\Views\Admin\Bznrd_Lead_Feuser->get_savedtrucks_feusers_html(Array)
#1 C:\xampp\htdocs\buzznerdtrucks\wp-includes\class-wp-hook.php(286): Bznrd_Lead\App\Controllers\Admin\Bznrd_Lead_Feuser->bznrd_lead_func('')
#2 C:\xampp\htdocs\buzznerdtrucks\wp-includes\class-wp-hook.php(310): WP_Hook->apply_filters('', Array)
#3 C:\xampp\htdocs\buzznerdtrucks\wp-includes\plugin.php(465): WP_Hook->do_action(Array)
#4 C:\xampp\htdocs\buzznerdtrucks\wp-admin\admin.php(253): do_action('toplevel_page_b...')
#5 {main}
  thrown in C:\xampp\htdocs\buzznerdtrucks\wp-content\plugins\bznrd-lead\app\views\admin\class-bznrd-lead-feuser.php on line 35

2019-08-20T08:17:27+00:00 CRITICAL Uncaught Error: Call to a member function prepare_items() on null in C:\xampp\htdocs\buzznerdtrucks\wp-content\plugins\bznrd-lead\app\views\admin\class-bznrd-lead-feuser.php:35
Stack trace:
#0 C:\xampp\htdocs\buzznerdtrucks\wp-content\plugins\bznrd-lead\app\controllers\admin\class-bznrd-lead-feuser.php(75): Bznrd_Lead\App\Views\Admin\Bznrd_Lead_Feuser->get_savedtrucks_feusers_html(Array)
#1 C:\xampp\htdocs\buzznerdtrucks\wp-includes\class-wp-hook.php(286): Bznrd_Lead\App\Controllers\Admin\Bznrd_Lead_Feuser->bznrd_lead_func('')
#2 C:\xampp\htdocs\buzznerdtrucks\wp-includes\class-wp-hook.php(310): WP_Hook->apply_filters('', Array)
#3 C:\xampp\htdocs\buzznerdtrucks\wp-includes\plugin.php(465): WP_Hook->do_action(Array)
#4 C:\xampp\htdocs\buzznerdtrucks\wp-admin\admin.php(253): do_action('toplevel_page_b...')
#5 {main}
  thrown in C:\xampp\htdocs\buzznerdtrucks\wp-content\plugins\bznrd-lead\app\views\admin\class-bznrd-lead-feuser.php on line 35

2019-08-20T08:18:03+00:00 CRITICAL Uncaught Error: Call to a member function prepare_items() on null in C:\xampp\htdocs\buzznerdtrucks\wp-content\plugins\bznrd-lead\app\views\admin\class-bznrd-lead-feuser.php:36
Stack trace:
#0 C:\xampp\htdocs\buzznerdtrucks\wp-content\plugins\bznrd-lead\app\controllers\admin\class-bznrd-lead-feuser.php(75): Bznrd_Lead\App\Views\Admin\Bznrd_Lead_Feuser->get_savedtrucks_feusers_html(Array)
#1 C:\xampp\htdocs\buzznerdtrucks\wp-includes\class-wp-hook.php(286): Bznrd_Lead\App\Controllers\Admin\Bznrd_Lead_Feuser->bznrd_lead_func('')
#2 C:\xampp\htdocs\buzznerdtrucks\wp-includes\class-wp-hook.php(310): WP_Hook->apply_filters('', Array)
#3 C:\xampp\htdocs\buzznerdtrucks\wp-includes\plugin.php(465): WP_Hook->do_action(Array)
#4 C:\xampp\htdocs\buzznerdtrucks\wp-admin\admin.php(253): do_action('toplevel_page_b...')
#5 {main}
  thrown in C:\xampp\htdocs\buzznerdtrucks\wp-content\plugins\bznrd-lead\app\views\admin\class-bznrd-lead-feuser.php on line 36

2019-08-20T08:19:07+00:00 CRITICAL Uncaught Error: Call to a member function prepare_items() on null in C:\xampp\htdocs\buzznerdtrucks\wp-content\plugins\bznrd-lead\app\views\admin\class-bznrd-lead-feuser.php:36
Stack trace:
#0 C:\xampp\htdocs\buzznerdtrucks\wp-content\plugins\bznrd-lead\app\controllers\admin\class-bznrd-lead-feuser.php(75): Bznrd_Lead\App\Views\Admin\Bznrd_Lead_Feuser->get_savedtrucks_feusers_html(Array)
#1 C:\xampp\htdocs\buzznerdtrucks\wp-includes\class-wp-hook.php(286): Bznrd_Lead\App\Controllers\Admin\Bznrd_Lead_Feuser->bznrd_lead_func('')
#2 C:\xampp\htdocs\buzznerdtrucks\wp-includes\class-wp-hook.php(310): WP_Hook->apply_filters('', Array)
#3 C:\xampp\htdocs\buzznerdtrucks\wp-includes\plugin.php(465): WP_Hook->do_action(Array)
#4 C:\xampp\htdocs\buzznerdtrucks\wp-admin\admin.php(253): do_action('toplevel_page_b...')
#5 {main}
  thrown in C:\xampp\htdocs\buzznerdtrucks\wp-content\plugins\bznrd-lead\app\views\admin\class-bznrd-lead-feuser.php on line 36

2019-08-20T08:19:53+00:00 CRITICAL Uncaught Error: Call to a member function prepare_items() on null in C:\xampp\htdocs\buzznerdtrucks\wp-content\plugins\bznrd-lead\app\views\admin\class-bznrd-lead-feuser.php:36
Stack trace:
#0 C:\xampp\htdocs\buzznerdtrucks\wp-content\plugins\bznrd-lead\app\controllers\admin\class-bznrd-lead-feuser.php(75): Bznrd_Lead\App\Views\Admin\Bznrd_Lead_Feuser->get_savedtrucks_feusers_html(Array)
#1 C:\xampp\htdocs\buzznerdtrucks\wp-includes\class-wp-hook.php(286): Bznrd_Lead\App\Controllers\Admin\Bznrd_Lead_Feuser->bznrd_lead_func('')
#2 C:\xampp\htdocs\buzznerdtrucks\wp-includes\class-wp-hook.php(310): WP_Hook->apply_filters('', Array)
#3 C:\xampp\htdocs\buzznerdtrucks\wp-includes\plugin.php(465): WP_Hook->do_action(Array)
#4 C:\xampp\htdocs\buzznerdtrucks\wp-admin\admin.php(253): do_action('toplevel_page_b...')
#5 {main}
  thrown in C:\xampp\htdocs\buzznerdtrucks\wp-content\plugins\bznrd-lead\app\views\admin\class-bznrd-lead-feuser.php on line 36

2019-08-20T08:21:51+00:00 CRITICAL Uncaught Error: Call to a member function prepare_items() on null in C:\xampp\htdocs\buzznerdtrucks\wp-content\plugins\bznrd-lead\app\views\admin\class-bznrd-lead-feuser.php:37
Stack trace:
#0 C:\xampp\htdocs\buzznerdtrucks\wp-content\plugins\bznrd-lead\app\controllers\admin\class-bznrd-lead-feuser.php(75): Bznrd_Lead\App\Views\Admin\Bznrd_Lead_Feuser->get_savedtrucks_feusers_html(Array)
#1 C:\xampp\htdocs\buzznerdtrucks\wp-includes\class-wp-hook.php(286): Bznrd_Lead\App\Controllers\Admin\Bznrd_Lead_Feuser->bznrd_lead_func('')
#2 C:\xampp\htdocs\buzznerdtrucks\wp-includes\class-wp-hook.php(310): WP_Hook->apply_filters('', Array)
#3 C:\xampp\htdocs\buzznerdtrucks\wp-includes\plugin.php(465): WP_Hook->do_action(Array)
#4 C:\xampp\htdocs\buzznerdtrucks\wp-admin\admin.php(253): do_action('toplevel_page_b...')
#5 {main}
  thrown in C:\xampp\htdocs\buzznerdtrucks\wp-content\plugins\bznrd-lead\app\views\admin\class-bznrd-lead-feuser.php on line 37

2019-08-20T08:23:27+00:00 CRITICAL Uncaught Error: Call to a member function prepare_items() on null in C:\xampp\htdocs\buzznerdtrucks\wp-content\plugins\bznrd-lead\app\views\admin\class-bznrd-lead-feuser.php:37
Stack trace:
#0 C:\xampp\htdocs\buzznerdtrucks\wp-content\plugins\bznrd-lead\app\controllers\admin\class-bznrd-lead-feuser.php(75): Bznrd_Lead\App\Views\Admin\Bznrd_Lead_Feuser->get_savedtrucks_feusers_html(Array)
#1 C:\xampp\htdocs\buzznerdtrucks\wp-includes\class-wp-hook.php(286): Bznrd_Lead\App\Controllers\Admin\Bznrd_Lead_Feuser->bznrd_lead_func('')
#2 C:\xampp\htdocs\buzznerdtrucks\wp-includes\class-wp-hook.php(310): WP_Hook->apply_filters('', Array)
#3 C:\xampp\htdocs\buzznerdtrucks\wp-includes\plugin.php(465): WP_Hook->do_action(Array)
#4 C:\xampp\htdocs\buzznerdtrucks\wp-admin\admin.php(253): do_action('toplevel_page_b...')
#5 {main}
  thrown in C:\xampp\htdocs\buzznerdtrucks\wp-content\plugins\bznrd-lead\app\views\admin\class-bznrd-lead-feuser.php on line 37

2019-08-20T08:23:44+00:00 CRITICAL Uncaught Error: Call to a member function prepare_items() on null in C:\xampp\htdocs\buzznerdtrucks\wp-content\plugins\bznrd-lead\app\views\admin\class-bznrd-lead-feuser.php:37
Stack trace:
#0 C:\xampp\htdocs\buzznerdtrucks\wp-content\plugins\bznrd-lead\app\controllers\admin\class-bznrd-lead-feuser.php(75): Bznrd_Lead\App\Views\Admin\Bznrd_Lead_Feuser->get_savedtrucks_feusers_html(Array)
#1 C:\xampp\htdocs\buzznerdtrucks\wp-includes\class-wp-hook.php(286): Bznrd_Lead\App\Controllers\Admin\Bznrd_Lead_Feuser->bznrd_lead_func('')
#2 C:\xampp\htdocs\buzznerdtrucks\wp-includes\class-wp-hook.php(310): WP_Hook->apply_filters('', Array)
#3 C:\xampp\htdocs\buzznerdtrucks\wp-includes\plugin.php(465): WP_Hook->do_action(Array)
#4 C:\xampp\htdocs\buzznerdtrucks\wp-admin\admin.php(253): do_action('toplevel_page_b...')
#5 {main}
  thrown in C:\xampp\htdocs\buzznerdtrucks\wp-content\plugins\bznrd-lead\app\views\admin\class-bznrd-lead-feuser.php on line 37

2019-08-20T08:24:42+00:00 CRITICAL Uncaught Error: Call to a member function prepare_items() on null in C:\xampp\htdocs\buzznerdtrucks\wp-content\plugins\bznrd-lead\app\views\admin\class-bznrd-lead-feuser.php:37
Stack trace:
#0 C:\xampp\htdocs\buzznerdtrucks\wp-content\plugins\bznrd-lead\app\controllers\admin\class-bznrd-lead-feuser.php(76): Bznrd_Lead\App\Views\Admin\Bznrd_Lead_Feuser->get_savedtrucks_feusers_html(Array)
#1 C:\xampp\htdocs\buzznerdtrucks\wp-includes\class-wp-hook.php(286): Bznrd_Lead\App\Controllers\Admin\Bznrd_Lead_Feuser->bznrd_lead_func('')
#2 C:\xampp\htdocs\buzznerdtrucks\wp-includes\class-wp-hook.php(310): WP_Hook->apply_filters('', Array)
#3 C:\xampp\htdocs\buzznerdtrucks\wp-includes\plugin.php(465): WP_Hook->do_action(Array)
#4 C:\xampp\htdocs\buzznerdtrucks\wp-admin\admin.php(253): do_action('toplevel_page_b...')
#5 {main}
  thrown in C:\xampp\htdocs\buzznerdtrucks\wp-content\plugins\bznrd-lead\app\views\admin\class-bznrd-lead-feuser.php on line 37

2019-08-20T08:25:13+00:00 CRITICAL Uncaught Error: Call to a member function prepare_items() on null in C:\xampp\htdocs\buzznerdtrucks\wp-content\plugins\bznrd-lead\app\views\admin\class-bznrd-lead-feuser.php:37
Stack trace:
#0 C:\xampp\htdocs\buzznerdtrucks\wp-content\plugins\bznrd-lead\app\controllers\admin\class-bznrd-lead-feuser.php(76): Bznrd_Lead\App\Views\Admin\Bznrd_Lead_Feuser->get_savedtrucks_feusers_html(Array)
#1 C:\xampp\htdocs\buzznerdtrucks\wp-includes\class-wp-hook.php(286): Bznrd_Lead\App\Controllers\Admin\Bznrd_Lead_Feuser->bznrd_lead_func('')
#2 C:\xampp\htdocs\buzznerdtrucks\wp-includes\class-wp-hook.php(310): WP_Hook->apply_filters('', Array)
#3 C:\xampp\htdocs\buzznerdtrucks\wp-includes\plugin.php(465): WP_Hook->do_action(Array)
#4 C:\xampp\htdocs\buzznerdtrucks\wp-admin\admin.php(253): do_action('toplevel_page_b...')
#5 {main}
  thrown in C:\xampp\htdocs\buzznerdtrucks\wp-content\plugins\bznrd-lead\app\views\admin\class-bznrd-lead-feuser.php on line 37

2019-08-20T08:25:31+00:00 CRITICAL Uncaught Error: Call to a member function prepare_items() on null in C:\xampp\htdocs\buzznerdtrucks\wp-content\plugins\bznrd-lead\app\views\admin\class-bznrd-lead-feuser.php:36
Stack trace:
#0 C:\xampp\htdocs\buzznerdtrucks\wp-content\plugins\bznrd-lead\app\controllers\admin\class-bznrd-lead-feuser.php(76): Bznrd_Lead\App\Views\Admin\Bznrd_Lead_Feuser->get_savedtrucks_feusers_html(Array)
#1 C:\xampp\htdocs\buzznerdtrucks\wp-includes\class-wp-hook.php(286): Bznrd_Lead\App\Controllers\Admin\Bznrd_Lead_Feuser->bznrd_lead_func('')
#2 C:\xampp\htdocs\buzznerdtrucks\wp-includes\class-wp-hook.php(310): WP_Hook->apply_filters('', Array)
#3 C:\xampp\htdocs\buzznerdtrucks\wp-includes\plugin.php(465): WP_Hook->do_action(Array)
#4 C:\xampp\htdocs\buzznerdtrucks\wp-admin\admin.php(253): do_action('toplevel_page_b...')
#5 {main}
  thrown in C:\xampp\htdocs\buzznerdtrucks\wp-content\plugins\bznrd-lead\app\views\admin\class-bznrd-lead-feuser.php on line 36

2019-08-20T08:25:48+00:00 CRITICAL Uncaught Error: Call to a member function prepare_items() on null in C:\xampp\htdocs\buzznerdtrucks\wp-content\plugins\bznrd-lead\app\views\admin\class-bznrd-lead-feuser.php:37
Stack trace:
#0 C:\xampp\htdocs\buzznerdtrucks\wp-content\plugins\bznrd-lead\app\controllers\admin\class-bznrd-lead-feuser.php(76): Bznrd_Lead\App\Views\Admin\Bznrd_Lead_Feuser->get_savedtrucks_feusers_html(Array)
#1 C:\xampp\htdocs\buzznerdtrucks\wp-includes\class-wp-hook.php(286): Bznrd_Lead\App\Controllers\Admin\Bznrd_Lead_Feuser->bznrd_lead_func('')
#2 C:\xampp\htdocs\buzznerdtrucks\wp-includes\class-wp-hook.php(310): WP_Hook->apply_filters('', Array)
#3 C:\xampp\htdocs\buzznerdtrucks\wp-includes\plugin.php(465): WP_Hook->do_action(Array)
#4 C:\xampp\htdocs\buzznerdtrucks\wp-admin\admin.php(253): do_action('toplevel_page_b...')
#5 {main}
  thrown in C:\xampp\htdocs\buzznerdtrucks\wp-content\plugins\bznrd-lead\app\views\admin\class-bznrd-lead-feuser.php on line 37

2019-08-20T08:26:30+00:00 CRITICAL Uncaught Error: Call to a member function display() on null in C:\xampp\htdocs\buzznerdtrucks\wp-content\plugins\bznrd-lead\app\views\admin\class-bznrd-lead-feuser.php:37
Stack trace:
#0 C:\xampp\htdocs\buzznerdtrucks\wp-content\plugins\bznrd-lead\app\controllers\admin\class-bznrd-lead-feuser.php(76): Bznrd_Lead\App\Views\Admin\Bznrd_Lead_Feuser->get_savedtrucks_feusers_html(Array)
#1 C:\xampp\htdocs\buzznerdtrucks\wp-includes\class-wp-hook.php(286): Bznrd_Lead\App\Controllers\Admin\Bznrd_Lead_Feuser->bznrd_lead_func('')
#2 C:\xampp\htdocs\buzznerdtrucks\wp-includes\class-wp-hook.php(310): WP_Hook->apply_filters('', Array)
#3 C:\xampp\htdocs\buzznerdtrucks\wp-includes\plugin.php(465): WP_Hook->do_action(Array)
#4 C:\xampp\htdocs\buzznerdtrucks\wp-admin\admin.php(253): do_action('toplevel_page_b...')
#5 {main}
  thrown in C:\xampp\htdocs\buzznerdtrucks\wp-content\plugins\bznrd-lead\app\views\admin\class-bznrd-lead-feuser.php on line 37

2019-08-20T09:37:10+00:00 CRITICAL Uncaught Error: Call to a member function prepare_items() on null in C:\xampp\htdocs\buzznerdtrucks\wp-content\plugins\bznrd-lead\app\views\admin\class-bznrd-lead-feuser.php:36
Stack trace:
#0 C:\xampp\htdocs\buzznerdtrucks\wp-content\plugins\bznrd-lead\app\controllers\admin\class-bznrd-lead-feuser.php(75): Bznrd_Lead\App\Views\Admin\Bznrd_Lead_Feuser->get_savedtrucks_feusers_html(Array)
#1 C:\xampp\htdocs\buzznerdtrucks\wp-includes\class-wp-hook.php(286): Bznrd_Lead\App\Controllers\Admin\Bznrd_Lead_Feuser->bznrd_lead_func('')
#2 C:\xampp\htdocs\buzznerdtrucks\wp-includes\class-wp-hook.php(310): WP_Hook->apply_filters('', Array)
#3 C:\xampp\htdocs\buzznerdtrucks\wp-includes\plugin.php(465): WP_Hook->do_action(Array)
#4 C:\xampp\htdocs\buzznerdtrucks\wp-admin\admin.php(253): do_action('toplevel_page_b...')
#5 {main}
  thrown in C:\xampp\htdocs\buzznerdtrucks\wp-content\plugins\bznrd-lead\app\views\admin\class-bznrd-lead-feuser.php on line 36

2019-08-20T09:39:00+00:00 CRITICAL Uncaught Error: Call to a member function prepare_items() on null in C:\xampp\htdocs\buzznerdtrucks\wp-content\plugins\bznrd-lead\app\views\admin\class-bznrd-lead-feuser.php:36
Stack trace:
#0 C:\xampp\htdocs\buzznerdtrucks\wp-content\plugins\bznrd-lead\app\controllers\admin\class-bznrd-lead-feuser.php(75): Bznrd_Lead\App\Views\Admin\Bznrd_Lead_Feuser->get_savedtrucks_feusers_html(Array)
#1 C:\xampp\htdocs\buzznerdtrucks\wp-includes\class-wp-hook.php(286): Bznrd_Lead\App\Controllers\Admin\Bznrd_Lead_Feuser->bznrd_lead_func('')
#2 C:\xampp\htdocs\buzznerdtrucks\wp-includes\class-wp-hook.php(310): WP_Hook->apply_filters('', Array)
#3 C:\xampp\htdocs\buzznerdtrucks\wp-includes\plugin.php(465): WP_Hook->do_action(Array)
#4 C:\xampp\htdocs\buzznerdtrucks\wp-admin\admin.php(253): do_action('toplevel_page_b...')
#5 {main}
  thrown in C:\xampp\htdocs\buzznerdtrucks\wp-content\plugins\bznrd-lead\app\views\admin\class-bznrd-lead-feuser.php on line 36

2019-08-20T09:39:25+00:00 CRITICAL Uncaught Error: Call to a member function prepare_items() on null in C:\xampp\htdocs\buzznerdtrucks\wp-content\plugins\bznrd-lead\app\views\admin\class-bznrd-lead-feuser.php:37
Stack trace:
#0 C:\xampp\htdocs\buzznerdtrucks\wp-content\plugins\bznrd-lead\app\controllers\admin\class-bznrd-lead-feuser.php(75): Bznrd_Lead\App\Views\Admin\Bznrd_Lead_Feuser->get_savedtrucks_feusers_html(Array)
#1 C:\xampp\htdocs\buzznerdtrucks\wp-includes\class-wp-hook.php(286): Bznrd_Lead\App\Controllers\Admin\Bznrd_Lead_Feuser->bznrd_lead_func('')
#2 C:\xampp\htdocs\buzznerdtrucks\wp-includes\class-wp-hook.php(310): WP_Hook->apply_filters('', Array)
#3 C:\xampp\htdocs\buzznerdtrucks\wp-includes\plugin.php(465): WP_Hook->do_action(Array)
#4 C:\xampp\htdocs\buzznerdtrucks\wp-admin\admin.php(253): do_action('toplevel_page_b...')
#5 {main}
  thrown in C:\xampp\htdocs\buzznerdtrucks\wp-content\plugins\bznrd-lead\app\views\admin\class-bznrd-lead-feuser.php on line 37

